<!DOCTYPE html>
<html>
<head>
  
<meta http-equiv="Content-Type" content="text/html; charset=UTF-8" />

<script type="text/javascript" src="js/jquery.min.js"></script>
<script type="text/javascript" src="js/jquery.tablesorter.min.js"></script>
<script type="text/javascript" src="js/bootstrap.min.js"></script>

<script type="text/javascript" src="js/highcharts.js"></script>
<script type="text/javascript" src="js/highcharts-3d.js"></script>

<link rel="stylesheet" href="css/bootstrap.min.css" type="text/css"/>
<link rel="stylesheet" href="css/reporting.css" type="text/css"/>
<link rel="stylesheet" href="css/font-awesome.min.css"/>

<script type="text/javascript">
$(document).ready(function() {
    // this will tell tablesorter to try looking for the data-value attribute
    // if present, it'll sort by that instead
    // otherwise, it'll sort by the text content of the table cell
    $("#tablesorter").tablesorter({
        textAttribute: 'data-value',
        // ignores the first row of the header, the 'scenario', 'steps', since
        // sorting those doesn't make sense
        selectorHeaders: '> thead tr:not(.dont-sort) th',
        // use a stable sort
        sortStable: true
    });
});
</script>














  
<title>Cucumber-JVM Html Reports  - Tag: @DRSMLogin</title>

</head>
<body>

<nav class="navbar navbar-default navbar-fixed-top" id="navigation">
  <div class="container-fluid">
    <div class="collapse navbar-collapse">
      <p class="navbar-text navbar-left">Cucumber-JVM Report</p>
      <ul class="nav navbar-nav navbar-right">
                <li role="presentation" ><a href="feature-overview.html">Features</a></li>
        <li role="presentation" ><a href="tag-overview.html">Tags</a></li>
        <li role="presentation" ><a href="step-overview.html">Steps</a></li>
      </ul>
    </div>
  </div>
</nav>

<div class="container-fluid" id="build-info">
  <div class="row">
    <div class="col-md-6 col-md-offset-1">
      <table class="table table-bordered">
        <thead>
          <tr>
            <th>Project</th>
                          <th>Number</th>
                        <th>Date</th>
          </tr>
        </thead>
        <tbody>
          <tr class="info">
            <td>Horizon</td>
                          <td>1</td>
                        <td>22 May 2018, 12:39</td>
          </tr>
        </tbody>
      </table>
    </div>
  </div>
</div>

<div id="report-lead" class="container-fluid>
  <div class="row">
    <div class="col-md-10 col-md-offset-1">
      <h2>Tag Report</h2>
          </div>
  </div>
</div>

<div class="container-fluid" id="summary">
  <div class="row">
    <div class="col-md-10 col-md-offset-1">
      <table class="stats-table">

        <thead>
  <tr class="header dont-sort">
        <th></th>
    <th colspan="3">Scenarios</th>
    <th colspan="7">Steps</th>
    <th></th>
    <th></th>
  </tr>
  <tr>
    <th>Tag</th>
        <th>Total</th>
    <th>Passed</th>
    <th>Failed</th>
    <th>Total</th>
    <th class="passed">Passed</th>
    <th class="failed">Failed</th>
    <th class="skipped">Skipped</th>
    <th class="pending">Pending</th>
    <th class="undefined">Undefined</th>
    <th class="missing">Missing</th>
    <th>Duration</th>
    <th>Status</th>
  </tr>
</thead>

        <tbody>
        <tr>
          <td class="tagname">@DRSMLogin</td>
          <td>6</td>
          <td>2</td>
          <td>4</td>
          <td>72</td>
          <td>24</td>
          <td     class="failed"    >4</td>
          <td    class="skipped"   >44</td>
          <td >0</td>
          <td >0</td>
          <td >0</td>
          <td class="duration" data-value="176201224518">2m 56s 201 ms</td>
          <td class="failed">Failed</td>
        </tr>
        </tbody>

      </table>
    </div>
  </div>
</div>



<div class="container-fluid" id="report">
  <div class="row">
    <div class="col-md-10 col-md-offset-1">
      <div class="elements">
        
  <div class="element">
          <div class="indention">
        <a href="cache-cache-C-feature.html">View Feature</a> <i>Smoke Suite for tablet</i>
      </div>
    
    
<div class="tags indention">
       <a href="SmokeSuiteScripts.html">@SmokeSuiteScripts</a>
       <a href="CompassTabs.html">@CompassTabs</a>
       <a href="SMLogin.html">@SMLogin</a>
       <a href="DRSMLogin.html">@DRSMLogin</a>
  </div>


    <span data-toggle="collapse" class=" collapsed  collapsable-control" data-target="#element-2048046866">
      
<div class="brief passed">
  <span class="keyword indention">Scenario Outline</span>
  <span class="name">Validating Home page Store operation-&gt;Compass card navigation Links for &quot;DRSM&quot; Role</span>
  

       <i class="chevron fa fa-fw"></i>
  </div>

    </span>
    <div class="description indention"></div>

    <div id="element-2048046866" class="collapse collapsable-details ">
      
  <div class="inner-level hooks-before">
    <div data-toggle="collapse" class=" collapsed  collapsable-control" data-target="#before-456832249">
      
<div class="brief passed">
  <span class="keyword indention">Hooks</span>
  <span class="name"></span>
  

       <i class="chevron fa fa-fw"></i>
  </div>

    </div>

    <div id="before-456832249" class="inner-level collapse collapsable-details ">
              <div class="hook">
          <div class="brief passed">
            <span class="keyword indention">Before</span>
                          <span class="location name">SplashScreenStepDefinition.Scenario_started(Scenario)</span>
                        
  <span class="lead-duration duration">5s 051 ms</span>

          </div>

                      

                  </div>
          </div>
  </div>


      <div class="steps inner-level">
        <div data-toggle="collapse" class=" collapsed  collapsable-control" data-target="#steps-1429007847">
          
<div class="brief passed">
  <span class="keyword indention">Steps</span>
  <span class="name"></span>
  

       <i class="chevron fa fa-fw"></i>
  </div>

        </div>

        <div id="steps-1429007847" class="inner-level collapse collapsable-details ">
                      <div class="step">
              
<div class="brief passed">
  <span class="keyword indention">When</span>
  <span class="name">user should be able to navigate to "Store Operations->COMPASS" via card navigation</span>
  
  <span class="lead-duration duration">9s 152 ms</span>

  </div>

              


              
              

              

            </div>
                      <div class="step">
              
<div class="brief passed">
  <span class="keyword indention">Then</span>
  <span class="name">check page load "Daily Planner" "ACONTAINTEXT"</span>
  
  <span class="lead-duration duration">6s 864 ms</span>

  </div>

              


              
              

              

            </div>
                      <div class="step">
              
<div class="brief passed">
  <span class="keyword indention">Then</span>
  <span class="name">user should be able to view " DAILY PLANNER " viewtext element in the page</span>
  
  <span class="lead-duration duration">737 ms</span>

  </div>

              


              
              

              

            </div>
                      <div class="step">
              
<div class="brief passed">
  <span class="keyword indention">Then</span>
  <span class="name">user should be able to view " MY PROJECTS " viewtext element in the page</span>
  
  <span class="lead-duration duration">189 ms</span>

  </div>

              


              
              

              

            </div>
                      <div class="step">
              
<div class="brief passed">
  <span class="keyword indention">Then</span>
  <span class="name">user should be able to view " REPORTS " viewtext element in the page</span>
  
  <span class="lead-duration duration">155 ms</span>

  </div>

              


              
              

              

            </div>
                      <div class="step">
              
<div class="brief passed">
  <span class="keyword indention">Then</span>
  <span class="name">user should be able to view " CALENDAR " viewtext element in the page</span>
  
  <span class="lead-duration duration">147 ms</span>

  </div>

              


              
              

              

            </div>
                      <div class="step">
              
<div class="brief passed">
  <span class="keyword indention">Then</span>
  <span class="name">user should be able to view " STORE WALK " viewtext element in the page</span>
  
  <span class="lead-duration duration">641 ms</span>

  </div>

              


              
              

              

            </div>
                      <div class="step">
              
<div class="brief passed">
  <span class="keyword indention">Then</span>
  <span class="name">user should be able to view "Print" viewtext element in the page</span>
  
  <span class="lead-duration duration">161 ms</span>

  </div>

              


              
              

              

            </div>
                      <div class="step">
              
<div class="brief passed">
  <span class="keyword indention">Then</span>
  <span class="name">user should be able to view "Help" viewtext element in the page</span>
  
  <span class="lead-duration duration">176 ms</span>

  </div>

              


              
              

              

            </div>
                      <div class="step">
              
<div class="brief passed">
  <span class="keyword indention">Then</span>
  <span class="name">user should be able to view "Key" viewtext element in the page</span>
  
  <span class="lead-duration duration">146 ms</span>

  </div>

              


              
              

              

            </div>
                      <div class="step">
              
<div class="brief passed">
  <span class="keyword indention">And</span>
  <span class="name">tab more option or hamburger menu</span>
  
  <span class="lead-duration duration">787 ms</span>

  </div>

              


              
              

              

            </div>
                      <div class="step">
              
<div class="brief passed">
  <span class="keyword indention">Then</span>
  <span class="name">user able to click home item</span>
  
  <span class="lead-duration duration">1s 245 ms</span>

  </div>

              


              
              

              

            </div>
                  </div>
      </div>

      
  <div class="inner-level hooks-after">
    <div data-toggle="collapse" class=" collapsed  collapsable-control" data-target="#after-1792113076">
      
<div class="brief passed">
  <span class="keyword indention">Hooks</span>
  <span class="name"></span>
  

       <i class="chevron fa fa-fw"></i>
  </div>

    </div>

    <div id="after-1792113076" class="inner-level collapse collapsable-details ">
              <div class="hook">
          <div class="brief passed">
            <span class="keyword indention">After</span>
                          <span class="location name">SplashScreenStepDefinition.embedScreenshotOnFail(Scenario)</span>
                        
  <span class="lead-duration duration">000 ms</span>

          </div>

                      

                  </div>
          </div>
  </div>

    </div>
  </div>
  <div class="element">
          <div class="indention">
        <a href="cache-cache-D-feature.html">View Feature</a> <i>Smoke Suite 2 for tablet</i>
      </div>
    
    
<div class="tags indention">
       <a href="SmokeSuiteScripts.html">@SmokeSuiteScripts</a>
       <a href="CompassTabs.html">@CompassTabs</a>
       <a href="SMLogin.html">@SMLogin</a>
       <a href="DRSMLogin.html">@DRSMLogin</a>
  </div>


    <span data-toggle="collapse" class=" collapsed  collapsable-control" data-target="#element-1790986167">
      
<div class="brief passed">
  <span class="keyword indention">Scenario Outline</span>
  <span class="name">Validating Home page Store operation-&gt;Compass card navigation Links for &quot;DRSM&quot; Role</span>
  

       <i class="chevron fa fa-fw"></i>
  </div>

    </span>
    <div class="description indention"></div>

    <div id="element-1790986167" class="collapse collapsable-details ">
      
  <div class="inner-level hooks-before">
    <div data-toggle="collapse" class=" collapsed  collapsable-control" data-target="#before-1943855334">
      
<div class="brief passed">
  <span class="keyword indention">Hooks</span>
  <span class="name"></span>
  

       <i class="chevron fa fa-fw"></i>
  </div>

    </div>

    <div id="before-1943855334" class="inner-level collapse collapsable-details ">
              <div class="hook">
          <div class="brief passed">
            <span class="keyword indention">Before</span>
                          <span class="location name">SplashScreenStepDefinition.Scenario_started(Scenario)</span>
                        
  <span class="lead-duration duration">5s 093 ms</span>

          </div>

                      

                  </div>
          </div>
  </div>


      <div class="steps inner-level">
        <div data-toggle="collapse" class=" collapsed  collapsable-control" data-target="#steps-1201004240">
          
<div class="brief passed">
  <span class="keyword indention">Steps</span>
  <span class="name"></span>
  

       <i class="chevron fa fa-fw"></i>
  </div>

        </div>

        <div id="steps-1201004240" class="inner-level collapse collapsable-details ">
                      <div class="step">
              
<div class="brief passed">
  <span class="keyword indention">When</span>
  <span class="name">user should be able to navigate to "Store Operations->COMPASS" via card navigation</span>
  
  <span class="lead-duration duration">9s 392 ms</span>

  </div>

              


              
              

              

            </div>
                      <div class="step">
              
<div class="brief passed">
  <span class="keyword indention">Then</span>
  <span class="name">check page load "Daily Planner" "ACONTAINTEXT"</span>
  
  <span class="lead-duration duration">6s 918 ms</span>

  </div>

              


              
              

              

            </div>
                      <div class="step">
              
<div class="brief passed">
  <span class="keyword indention">Then</span>
  <span class="name">user should be able to view " DAILY PLANNER " viewtext element in the page</span>
  
  <span class="lead-duration duration">760 ms</span>

  </div>

              


              
              

              

            </div>
                      <div class="step">
              
<div class="brief passed">
  <span class="keyword indention">Then</span>
  <span class="name">user should be able to view " MY PROJECTS " viewtext element in the page</span>
  
  <span class="lead-duration duration">155 ms</span>

  </div>

              


              
              

              

            </div>
                      <div class="step">
              
<div class="brief passed">
  <span class="keyword indention">Then</span>
  <span class="name">user should be able to view " REPORTS " viewtext element in the page</span>
  
  <span class="lead-duration duration">168 ms</span>

  </div>

              


              
              

              

            </div>
                      <div class="step">
              
<div class="brief passed">
  <span class="keyword indention">Then</span>
  <span class="name">user should be able to view " CALENDAR " viewtext element in the page</span>
  
  <span class="lead-duration duration">172 ms</span>

  </div>

              


              
              

              

            </div>
                      <div class="step">
              
<div class="brief passed">
  <span class="keyword indention">Then</span>
  <span class="name">user should be able to view " STORE WALK " viewtext element in the page</span>
  
  <span class="lead-duration duration">174 ms</span>

  </div>

              


              
              

              

            </div>
                      <div class="step">
              
<div class="brief passed">
  <span class="keyword indention">Then</span>
  <span class="name">user should be able to view "Print" viewtext element in the page</span>
  
  <span class="lead-duration duration">154 ms</span>

  </div>

              


              
              

              

            </div>
                      <div class="step">
              
<div class="brief passed">
  <span class="keyword indention">Then</span>
  <span class="name">user should be able to view "Help" viewtext element in the page</span>
  
  <span class="lead-duration duration">158 ms</span>

  </div>

              


              
              

              

            </div>
                      <div class="step">
              
<div class="brief passed">
  <span class="keyword indention">Then</span>
  <span class="name">user should be able to view "Key" viewtext element in the page</span>
  
  <span class="lead-duration duration">604 ms</span>

  </div>

              


              
              

              

            </div>
                      <div class="step">
              
<div class="brief passed">
  <span class="keyword indention">And</span>
  <span class="name">tab more option or hamburger menu</span>
  
  <span class="lead-duration duration">1s 140 ms</span>

  </div>

              


              
              

              

            </div>
                      <div class="step">
              
<div class="brief passed">
  <span class="keyword indention">Then</span>
  <span class="name">user able to click home item</span>
  
  <span class="lead-duration duration">883 ms</span>

  </div>

              


              
              

              

            </div>
                  </div>
      </div>

      
  <div class="inner-level hooks-after">
    <div data-toggle="collapse" class=" collapsed  collapsable-control" data-target="#after-1016633682">
      
<div class="brief passed">
  <span class="keyword indention">Hooks</span>
  <span class="name"></span>
  

       <i class="chevron fa fa-fw"></i>
  </div>

    </div>

    <div id="after-1016633682" class="inner-level collapse collapsable-details ">
              <div class="hook">
          <div class="brief passed">
            <span class="keyword indention">After</span>
                          <span class="location name">SplashScreenStepDefinition.embedScreenshotOnFail(Scenario)</span>
                        
  <span class="lead-duration duration">000 ms</span>

          </div>

                      

                  </div>
          </div>
  </div>

    </div>
  </div>
  <div class="element">
          <div class="indention">
        <a href="cache-cache-E-feature.html">View Feature</a> <i>Smoke Suite 3 for tablet</i>
      </div>
    
    
<div class="tags indention">
       <a href="SmokeSuiteScripts.html">@SmokeSuiteScripts</a>
       <a href="CompassTabs.html">@CompassTabs</a>
       <a href="SMLogin.html">@SMLogin</a>
       <a href="DRSMLogin.html">@DRSMLogin</a>
  </div>


    <span data-toggle="collapse" class=" collapsable-control" data-target="#element--1010068680">
      
<div class="brief failed">
  <span class="keyword indention">Scenario Outline</span>
  <span class="name">Validating Home page Store operation-&gt;Compass card navigation Links for &quot;DRSM&quot; Role</span>
  

       <i class="chevron fa fa-fw"></i>
  </div>

    </span>
    <div class="description indention"></div>

    <div id="element--1010068680" class="collapse collapsable-details  in ">
      
  <div class="inner-level hooks-before">
    <div data-toggle="collapse" class=" collapsed  collapsable-control" data-target="#before-392289808">
      
<div class="brief passed">
  <span class="keyword indention">Hooks</span>
  <span class="name"></span>
  

       <i class="chevron fa fa-fw"></i>
  </div>

    </div>

    <div id="before-392289808" class="inner-level collapse collapsable-details ">
              <div class="hook">
          <div class="brief passed">
            <span class="keyword indention">Before</span>
                          <span class="location name">SplashScreenStepDefinition.Scenario_started(Scenario)</span>
                        
  <span class="lead-duration duration">11s 314 ms</span>

          </div>

                      

                  </div>
          </div>
  </div>


      <div class="steps inner-level">
        <div data-toggle="collapse" class=" collapsable-control" data-target="#steps-1541075662">
          
<div class="brief failed">
  <span class="keyword indention">Steps</span>
  <span class="name"></span>
  

       <i class="chevron fa fa-fw"></i>
  </div>

        </div>

        <div id="steps-1541075662" class="inner-level collapse collapsable-details  in ">
                      <div class="step">
              
<div class="brief failed">
  <span class="keyword indention">When</span>
  <span class="name">user should be able to navigate to "Store Operations->COMPASS" via card navigation</span>
  
  <span class="lead-duration duration">33s 668 ms</span>

  </div>

              
  <div class="inner-level">
    <div class="message indention">
      <div data-toggle="collapse" class="collapsable-control" data-target="#msg--1755549391">
          <a>Error message</a>
      </div>
      <div id="msg--1755549391" class="collapse collapsable-details">
        <pre>org.openqa.selenium.TimeoutException: Expected condition failed: waiting for visibility of element located by By.xpath: //android.widget.TextView[@text='Store Operations']/parent::* (tried for 30 second(s) with 500 MILLISECONDS interval)
	at org.openqa.selenium.support.ui.WebDriverWait.timeoutException(WebDriverWait.java:82)
	at org.openqa.selenium.support.ui.FluentWait.until(FluentWait.java:231)
	at com.horizon.utils.WaitUtils.visibilityOfElementLocated(WaitUtils.java:39)
	at com.horizon.base.CustomElementSelector.getElementWait(CustomElementSelector.java:77)
	at com.horizon.base.ElementIdentification.getElementByPropertyWait(ElementIdentification.java:139)
	at com.horizon.base.ElementPresent.isElementPresentVerifyWaitClick(ElementPresent.java:343)
	at com.horizon.base.ElementPresent.isElementPresentVerifyClick(ElementPresent.java:275)
	at com.horizon.base.AssertValidation.assertElementPresentVerifyClick(AssertValidation.java:158)
	at com.horizon.stepDefinition.CommonStepDefinition.user_should_be_able_to_navigate_to_via_card_navigation(CommonStepDefinition.java:1234)
	at ✽.user should be able to navigate to "Store Operations->COMPASS" via card navigation(cache/cache/E.feature:382)
Caused by: org.openqa.selenium.NoSuchElementException: Cannot locate an element using By.xpath: //android.widget.TextView[@text='Store Operations']/parent::*
For documentation on this error, please visit: http://seleniumhq.org/exceptions/no_such_element.html
Build info: version: '3.7.1', revision: '8a0099a', time: '2017-11-06T21:01:39.354Z'
System info: host: 'CHMM114178.local', ip: 'fe80:0:0:0:108c:d38a:ed1a:f214%en0', os.name: 'Mac OS X', os.arch: 'x86_64', os.version: '10.13.4', java.version: '1.8.0_171'
Driver info: driver.version: unknown
	at org.openqa.selenium.support.ui.ExpectedConditions.lambda$findElement$0(ExpectedConditions.java:882)
	at java.util.Optional.orElseThrow(Optional.java:290)
	at org.openqa.selenium.support.ui.ExpectedConditions.findElement(ExpectedConditions.java:881)
	at org.openqa.selenium.support.ui.ExpectedConditions.access$000(ExpectedConditions.java:43)
	at org.openqa.selenium.support.ui.ExpectedConditions$7.apply(ExpectedConditions.java:205)
	at org.openqa.selenium.support.ui.ExpectedConditions$7.apply(ExpectedConditions.java:201)
	at org.openqa.selenium.support.ui.FluentWait.until(FluentWait.java:208)
	at com.horizon.utils.WaitUtils.visibilityOfElementLocated(WaitUtils.java:39)
	at com.horizon.base.CustomElementSelector.getElementWait(CustomElementSelector.java:77)
	at com.horizon.base.ElementIdentification.getElementByPropertyWait(ElementIdentification.java:139)
	at com.horizon.base.ElementPresent.isElementPresentVerifyWaitClick(ElementPresent.java:343)
	at com.horizon.base.ElementPresent.isElementPresentVerifyClick(ElementPresent.java:275)
	at com.horizon.base.AssertValidation.assertElementPresentVerifyClick(AssertValidation.java:158)
	at com.horizon.stepDefinition.CommonStepDefinition.user_should_be_able_to_navigate_to_via_card_navigation(CommonStepDefinition.java:1234)
	at sun.reflect.GeneratedMethodAccessor29.invoke(Unknown Source)
	at sun.reflect.DelegatingMethodAccessorImpl.invoke(DelegatingMethodAccessorImpl.java:43)
	at java.lang.reflect.Method.invoke(Method.java:498)
	at cucumber.runtime.Utils$1.call(Utils.java:31)
	at cucumber.runtime.Timeout.timeout(Timeout.java:16)
	at cucumber.runtime.Utils.invoke(Utils.java:25)
	at cucumber.runtime.java.JavaStepDefinition.execute(JavaStepDefinition.java:37)
	at cucumber.runtime.StepDefinitionMatch.runStep(StepDefinitionMatch.java:40)
	at cucumber.api.TestStep.executeStep(TestStep.java:102)
	at cucumber.api.TestStep.run(TestStep.java:83)
	at cucumber.api.TestCase.run(TestCase.java:58)
	at cucumber.runner.Runner.runPickle(Runner.java:80)
	at cucumber.api.testng.TestNGCucumberRunner.runScenario(TestNGCucumberRunner.java:84)
	at cucumber.api.testng.AbstractTestNGCucumberTests.runScenario(AbstractTestNGCucumberTests.java:22)
	at sun.reflect.GeneratedMethodAccessor13.invoke(Unknown Source)
	at sun.reflect.DelegatingMethodAccessorImpl.invoke(DelegatingMethodAccessorImpl.java:43)
	at java.lang.reflect.Method.invoke(Method.java:498)
	at org.testng.internal.MethodInvocationHelper.invokeMethod(MethodInvocationHelper.java:108)
	at org.testng.internal.Invoker.invokeMethod(Invoker.java:661)
	at org.testng.internal.Invoker.invokeTestMethod(Invoker.java:869)
	at org.testng.internal.Invoker.invokeTestMethods(Invoker.java:1193)
	at org.testng.internal.TestMethodWorker.invokeTestMethods(TestMethodWorker.java:126)
	at org.testng.internal.TestMethodWorker.run(TestMethodWorker.java:109)
	at org.testng.TestRunner.privateRun(TestRunner.java:744)
	at org.testng.TestRunner.run(TestRunner.java:602)
	at org.testng.SuiteRunner.runTest(SuiteRunner.java:380)
	at org.testng.SuiteRunner.runSequentially(SuiteRunner.java:375)
	at org.testng.SuiteRunner.privateRun(SuiteRunner.java:340)
	at org.testng.SuiteRunner.run(SuiteRunner.java:289)
	at org.testng.SuiteRunnerWorker.runSuite(SuiteRunnerWorker.java:52)
	at org.testng.SuiteRunnerWorker.run(SuiteRunnerWorker.java:86)
	at org.testng.TestNG.runSuitesSequentially(TestNG.java:1301)
	at org.testng.TestNG.runSuitesLocally(TestNG.java:1226)
	at org.testng.TestNG.runSuites(TestNG.java:1144)
	at org.testng.TestNG.run(TestNG.java:1115)
	at org.gradle.api.internal.tasks.testing.testng.TestNGTestClassProcessor.runTests(TestNGTestClassProcessor.java:134)
	at org.gradle.api.internal.tasks.testing.testng.TestNGTestClassProcessor.stop(TestNGTestClassProcessor.java:88)
	at org.gradle.api.internal.tasks.testing.SuiteTestClassProcessor.stop(SuiteTestClassProcessor.java:61)
	at sun.reflect.NativeMethodAccessorImpl.invoke0(Native Method)
	at sun.reflect.NativeMethodAccessorImpl.invoke(NativeMethodAccessorImpl.java:62)
	at sun.reflect.DelegatingMethodAccessorImpl.invoke(DelegatingMethodAccessorImpl.java:43)
	at java.lang.reflect.Method.invoke(Method.java:498)
	at org.gradle.internal.dispatch.ReflectionDispatch.dispatch(ReflectionDispatch.java:35)
	at org.gradle.internal.dispatch.ReflectionDispatch.dispatch(ReflectionDispatch.java:24)
	at org.gradle.internal.dispatch.ContextClassLoaderDispatch.dispatch(ContextClassLoaderDispatch.java:32)
	at org.gradle.internal.dispatch.ProxyDispatchAdapter$DispatchingInvocationHandler.invoke(ProxyDispatchAdapter.java:93)
	at com.sun.proxy.$Proxy1.stop(Unknown Source)
	at org.gradle.api.internal.tasks.testing.worker.TestWorker.stop(TestWorker.java:123)
	at sun.reflect.NativeMethodAccessorImpl.invoke0(Native Method)
	at sun.reflect.NativeMethodAccessorImpl.invoke(NativeMethodAccessorImpl.java:62)
	at sun.reflect.DelegatingMethodAccessorImpl.invoke(DelegatingMethodAccessorImpl.java:43)
	at java.lang.reflect.Method.invoke(Method.java:498)
	at org.gradle.internal.dispatch.ReflectionDispatch.dispatch(ReflectionDispatch.java:35)
	at org.gradle.internal.dispatch.ReflectionDispatch.dispatch(ReflectionDispatch.java:24)
	at org.gradle.internal.remote.internal.hub.MessageHubBackedObjectConnection$DispatchWrapper.dispatch(MessageHubBackedObjectConnection.java:146)
	at org.gradle.internal.remote.internal.hub.MessageHubBackedObjectConnection$DispatchWrapper.dispatch(MessageHubBackedObjectConnection.java:128)
	at org.gradle.internal.remote.internal.hub.MessageHub$Handler.run(MessageHub.java:404)
	at org.gradle.internal.concurrent.ExecutorPolicy$CatchAndRecordFailures.onExecute(ExecutorPolicy.java:63)
	at org.gradle.internal.concurrent.ManagedExecutorImpl$1.run(ManagedExecutorImpl.java:46)
	at java.util.concurrent.ThreadPoolExecutor.runWorker(ThreadPoolExecutor.java:1149)
	at java.util.concurrent.ThreadPoolExecutor$Worker.run(ThreadPoolExecutor.java:624)
	at org.gradle.internal.concurrent.ThreadFactoryImpl$ManagedThreadRunnable.run(ThreadFactoryImpl.java:55)
	at java.lang.Thread.run(Thread.java:748)
</pre>
      </div>
    </div>
  </div>


              
              

              

            </div>
                      <div class="step">
              
<div class="brief skipped">
  <span class="keyword indention">Then</span>
  <span class="name">check page load "Daily Planner" "ACONTAINTEXT"</span>
  
  <span class="lead-duration duration">000 ms</span>

  </div>

              


              
              

              

            </div>
                      <div class="step">
              
<div class="brief skipped">
  <span class="keyword indention">Then</span>
  <span class="name">user should be able to view " DAILY PLANNER " viewtext element in the page</span>
  
  <span class="lead-duration duration">000 ms</span>

  </div>

              


              
              

              

            </div>
                      <div class="step">
              
<div class="brief skipped">
  <span class="keyword indention">Then</span>
  <span class="name">user should be able to view " MY PROJECTS " viewtext element in the page</span>
  
  <span class="lead-duration duration">000 ms</span>

  </div>

              


              
              

              

            </div>
                      <div class="step">
              
<div class="brief skipped">
  <span class="keyword indention">Then</span>
  <span class="name">user should be able to view " REPORTS " viewtext element in the page</span>
  
  <span class="lead-duration duration">000 ms</span>

  </div>

              


              
              

              

            </div>
                      <div class="step">
              
<div class="brief skipped">
  <span class="keyword indention">Then</span>
  <span class="name">user should be able to view " CALENDAR " viewtext element in the page</span>
  
  <span class="lead-duration duration">000 ms</span>

  </div>

              


              
              

              

            </div>
                      <div class="step">
              
<div class="brief skipped">
  <span class="keyword indention">Then</span>
  <span class="name">user should be able to view " STORE WALK " viewtext element in the page</span>
  
  <span class="lead-duration duration">000 ms</span>

  </div>

              


              
              

              

            </div>
                      <div class="step">
              
<div class="brief skipped">
  <span class="keyword indention">Then</span>
  <span class="name">user should be able to view "Print" viewtext element in the page</span>
  
  <span class="lead-duration duration">000 ms</span>

  </div>

              


              
              

              

            </div>
                      <div class="step">
              
<div class="brief skipped">
  <span class="keyword indention">Then</span>
  <span class="name">user should be able to view "Help" viewtext element in the page</span>
  
  <span class="lead-duration duration">000 ms</span>

  </div>

              


              
              

              

            </div>
                      <div class="step">
              
<div class="brief skipped">
  <span class="keyword indention">Then</span>
  <span class="name">user should be able to view "Key" viewtext element in the page</span>
  
  <span class="lead-duration duration">000 ms</span>

  </div>

              


              
              

              

            </div>
                      <div class="step">
              
<div class="brief skipped">
  <span class="keyword indention">And</span>
  <span class="name">tab more option or hamburger menu</span>
  
  <span class="lead-duration duration">000 ms</span>

  </div>

              


              
              

              

            </div>
                      <div class="step">
              
<div class="brief skipped">
  <span class="keyword indention">Then</span>
  <span class="name">user able to click home item</span>
  
  <span class="lead-duration duration">000 ms</span>

  </div>

              


              
              

              

            </div>
                  </div>
      </div>

      
  <div class="inner-level hooks-after">
    <div data-toggle="collapse" class=" collapsed  collapsable-control" data-target="#after-2024945312">
      
<div class="brief passed">
  <span class="keyword indention">Hooks</span>
  <span class="name"></span>
  

       <i class="chevron fa fa-fw"></i>
  </div>

    </div>

    <div id="after-2024945312" class="inner-level collapse collapsable-details ">
              <div class="hook">
          <div class="brief passed">
            <span class="keyword indention">After</span>
                          <span class="location name">SplashScreenStepDefinition.embedScreenshotOnFail(Scenario)</span>
                        
  <span class="lead-duration duration">044 ms</span>

          </div>

                      

                  </div>
          </div>
  </div>

    </div>
  </div>
  <div class="element">
          <div class="indention">
        <a href="cache-cache-F-feature.html">View Feature</a> <i>Smoke Suite  4 for tablet</i>
      </div>
    
    
<div class="tags indention">
       <a href="SmokeSuiteScripts.html">@SmokeSuiteScripts</a>
       <a href="CompassTabs.html">@CompassTabs</a>
       <a href="SMLogin.html">@SMLogin</a>
       <a href="DRSMLogin.html">@DRSMLogin</a>
  </div>


    <span data-toggle="collapse" class=" collapsable-control" data-target="#element--1641333454">
      
<div class="brief failed">
  <span class="keyword indention">Scenario Outline</span>
  <span class="name">Validating Home page Store operation-&gt;Compass card navigation Links for &quot;DRSM&quot; Role</span>
  

       <i class="chevron fa fa-fw"></i>
  </div>

    </span>
    <div class="description indention"></div>

    <div id="element--1641333454" class="collapse collapsable-details  in ">
      
  <div class="inner-level hooks-before">
    <div data-toggle="collapse" class=" collapsed  collapsable-control" data-target="#before-915500720">
      
<div class="brief passed">
  <span class="keyword indention">Hooks</span>
  <span class="name"></span>
  

       <i class="chevron fa fa-fw"></i>
  </div>

    </div>

    <div id="before-915500720" class="inner-level collapse collapsable-details ">
              <div class="hook">
          <div class="brief passed">
            <span class="keyword indention">Before</span>
                          <span class="location name">SplashScreenStepDefinition.Scenario_started(Scenario)</span>
                        
  <span class="lead-duration duration">11s 450 ms</span>

          </div>

                      

                  </div>
          </div>
  </div>


      <div class="steps inner-level">
        <div data-toggle="collapse" class=" collapsable-control" data-target="#steps-599984672">
          
<div class="brief failed">
  <span class="keyword indention">Steps</span>
  <span class="name"></span>
  

       <i class="chevron fa fa-fw"></i>
  </div>

        </div>

        <div id="steps-599984672" class="inner-level collapse collapsable-details  in ">
                      <div class="step">
              
<div class="brief failed">
  <span class="keyword indention">When</span>
  <span class="name">user should be able to navigate to "Store Operations->COMPASS" via card navigation</span>
  
  <span class="lead-duration duration">33s 791 ms</span>

  </div>

              
  <div class="inner-level">
    <div class="message indention">
      <div data-toggle="collapse" class="collapsable-control" data-target="#msg--1391278640">
          <a>Error message</a>
      </div>
      <div id="msg--1391278640" class="collapse collapsable-details">
        <pre>org.openqa.selenium.TimeoutException: Expected condition failed: waiting for visibility of element located by By.xpath: //android.widget.TextView[@text='Store Operations']/parent::* (tried for 30 second(s) with 500 MILLISECONDS interval)
	at org.openqa.selenium.support.ui.WebDriverWait.timeoutException(WebDriverWait.java:82)
	at org.openqa.selenium.support.ui.FluentWait.until(FluentWait.java:231)
	at com.horizon.utils.WaitUtils.visibilityOfElementLocated(WaitUtils.java:39)
	at com.horizon.base.CustomElementSelector.getElementWait(CustomElementSelector.java:77)
	at com.horizon.base.ElementIdentification.getElementByPropertyWait(ElementIdentification.java:139)
	at com.horizon.base.ElementPresent.isElementPresentVerifyWaitClick(ElementPresent.java:343)
	at com.horizon.base.ElementPresent.isElementPresentVerifyClick(ElementPresent.java:275)
	at com.horizon.base.AssertValidation.assertElementPresentVerifyClick(AssertValidation.java:158)
	at com.horizon.stepDefinition.CommonStepDefinition.user_should_be_able_to_navigate_to_via_card_navigation(CommonStepDefinition.java:1234)
	at ✽.user should be able to navigate to "Store Operations->COMPASS" via card navigation(cache/cache/F.feature:382)
Caused by: org.openqa.selenium.NoSuchElementException: Cannot locate an element using By.xpath: //android.widget.TextView[@text='Store Operations']/parent::*
For documentation on this error, please visit: http://seleniumhq.org/exceptions/no_such_element.html
Build info: version: '3.7.1', revision: '8a0099a', time: '2017-11-06T21:01:39.354Z'
System info: host: 'CHMM114178.local', ip: 'fe80:0:0:0:108c:d38a:ed1a:f214%en0', os.name: 'Mac OS X', os.arch: 'x86_64', os.version: '10.13.4', java.version: '1.8.0_171'
Driver info: driver.version: unknown
	at org.openqa.selenium.support.ui.ExpectedConditions.lambda$findElement$0(ExpectedConditions.java:882)
	at java.util.Optional.orElseThrow(Optional.java:290)
	at org.openqa.selenium.support.ui.ExpectedConditions.findElement(ExpectedConditions.java:881)
	at org.openqa.selenium.support.ui.ExpectedConditions.access$000(ExpectedConditions.java:43)
	at org.openqa.selenium.support.ui.ExpectedConditions$7.apply(ExpectedConditions.java:205)
	at org.openqa.selenium.support.ui.ExpectedConditions$7.apply(ExpectedConditions.java:201)
	at org.openqa.selenium.support.ui.FluentWait.until(FluentWait.java:208)
	at com.horizon.utils.WaitUtils.visibilityOfElementLocated(WaitUtils.java:39)
	at com.horizon.base.CustomElementSelector.getElementWait(CustomElementSelector.java:77)
	at com.horizon.base.ElementIdentification.getElementByPropertyWait(ElementIdentification.java:139)
	at com.horizon.base.ElementPresent.isElementPresentVerifyWaitClick(ElementPresent.java:343)
	at com.horizon.base.ElementPresent.isElementPresentVerifyClick(ElementPresent.java:275)
	at com.horizon.base.AssertValidation.assertElementPresentVerifyClick(AssertValidation.java:158)
	at com.horizon.stepDefinition.CommonStepDefinition.user_should_be_able_to_navigate_to_via_card_navigation(CommonStepDefinition.java:1234)
	at sun.reflect.GeneratedMethodAccessor29.invoke(Unknown Source)
	at sun.reflect.DelegatingMethodAccessorImpl.invoke(DelegatingMethodAccessorImpl.java:43)
	at java.lang.reflect.Method.invoke(Method.java:498)
	at cucumber.runtime.Utils$1.call(Utils.java:31)
	at cucumber.runtime.Timeout.timeout(Timeout.java:16)
	at cucumber.runtime.Utils.invoke(Utils.java:25)
	at cucumber.runtime.java.JavaStepDefinition.execute(JavaStepDefinition.java:37)
	at cucumber.runtime.StepDefinitionMatch.runStep(StepDefinitionMatch.java:40)
	at cucumber.api.TestStep.executeStep(TestStep.java:102)
	at cucumber.api.TestStep.run(TestStep.java:83)
	at cucumber.api.TestCase.run(TestCase.java:58)
	at cucumber.runner.Runner.runPickle(Runner.java:80)
	at cucumber.api.testng.TestNGCucumberRunner.runScenario(TestNGCucumberRunner.java:84)
	at cucumber.api.testng.AbstractTestNGCucumberTests.runScenario(AbstractTestNGCucumberTests.java:22)
	at sun.reflect.GeneratedMethodAccessor13.invoke(Unknown Source)
	at sun.reflect.DelegatingMethodAccessorImpl.invoke(DelegatingMethodAccessorImpl.java:43)
	at java.lang.reflect.Method.invoke(Method.java:498)
	at org.testng.internal.MethodInvocationHelper.invokeMethod(MethodInvocationHelper.java:108)
	at org.testng.internal.Invoker.invokeMethod(Invoker.java:661)
	at org.testng.internal.Invoker.invokeTestMethod(Invoker.java:869)
	at org.testng.internal.Invoker.invokeTestMethods(Invoker.java:1193)
	at org.testng.internal.TestMethodWorker.invokeTestMethods(TestMethodWorker.java:126)
	at org.testng.internal.TestMethodWorker.run(TestMethodWorker.java:109)
	at org.testng.TestRunner.privateRun(TestRunner.java:744)
	at org.testng.TestRunner.run(TestRunner.java:602)
	at org.testng.SuiteRunner.runTest(SuiteRunner.java:380)
	at org.testng.SuiteRunner.runSequentially(SuiteRunner.java:375)
	at org.testng.SuiteRunner.privateRun(SuiteRunner.java:340)
	at org.testng.SuiteRunner.run(SuiteRunner.java:289)
	at org.testng.SuiteRunnerWorker.runSuite(SuiteRunnerWorker.java:52)
	at org.testng.SuiteRunnerWorker.run(SuiteRunnerWorker.java:86)
	at org.testng.TestNG.runSuitesSequentially(TestNG.java:1301)
	at org.testng.TestNG.runSuitesLocally(TestNG.java:1226)
	at org.testng.TestNG.runSuites(TestNG.java:1144)
	at org.testng.TestNG.run(TestNG.java:1115)
	at org.gradle.api.internal.tasks.testing.testng.TestNGTestClassProcessor.runTests(TestNGTestClassProcessor.java:134)
	at org.gradle.api.internal.tasks.testing.testng.TestNGTestClassProcessor.stop(TestNGTestClassProcessor.java:88)
	at org.gradle.api.internal.tasks.testing.SuiteTestClassProcessor.stop(SuiteTestClassProcessor.java:61)
	at sun.reflect.NativeMethodAccessorImpl.invoke0(Native Method)
	at sun.reflect.NativeMethodAccessorImpl.invoke(NativeMethodAccessorImpl.java:62)
	at sun.reflect.DelegatingMethodAccessorImpl.invoke(DelegatingMethodAccessorImpl.java:43)
	at java.lang.reflect.Method.invoke(Method.java:498)
	at org.gradle.internal.dispatch.ReflectionDispatch.dispatch(ReflectionDispatch.java:35)
	at org.gradle.internal.dispatch.ReflectionDispatch.dispatch(ReflectionDispatch.java:24)
	at org.gradle.internal.dispatch.ContextClassLoaderDispatch.dispatch(ContextClassLoaderDispatch.java:32)
	at org.gradle.internal.dispatch.ProxyDispatchAdapter$DispatchingInvocationHandler.invoke(ProxyDispatchAdapter.java:93)
	at com.sun.proxy.$Proxy1.stop(Unknown Source)
	at org.gradle.api.internal.tasks.testing.worker.TestWorker.stop(TestWorker.java:123)
	at sun.reflect.NativeMethodAccessorImpl.invoke0(Native Method)
	at sun.reflect.NativeMethodAccessorImpl.invoke(NativeMethodAccessorImpl.java:62)
	at sun.reflect.DelegatingMethodAccessorImpl.invoke(DelegatingMethodAccessorImpl.java:43)
	at java.lang.reflect.Method.invoke(Method.java:498)
	at org.gradle.internal.dispatch.ReflectionDispatch.dispatch(ReflectionDispatch.java:35)
	at org.gradle.internal.dispatch.ReflectionDispatch.dispatch(ReflectionDispatch.java:24)
	at org.gradle.internal.remote.internal.hub.MessageHubBackedObjectConnection$DispatchWrapper.dispatch(MessageHubBackedObjectConnection.java:146)
	at org.gradle.internal.remote.internal.hub.MessageHubBackedObjectConnection$DispatchWrapper.dispatch(MessageHubBackedObjectConnection.java:128)
	at org.gradle.internal.remote.internal.hub.MessageHub$Handler.run(MessageHub.java:404)
	at org.gradle.internal.concurrent.ExecutorPolicy$CatchAndRecordFailures.onExecute(ExecutorPolicy.java:63)
	at org.gradle.internal.concurrent.ManagedExecutorImpl$1.run(ManagedExecutorImpl.java:46)
	at java.util.concurrent.ThreadPoolExecutor.runWorker(ThreadPoolExecutor.java:1149)
	at java.util.concurrent.ThreadPoolExecutor$Worker.run(ThreadPoolExecutor.java:624)
	at org.gradle.internal.concurrent.ThreadFactoryImpl$ManagedThreadRunnable.run(ThreadFactoryImpl.java:55)
	at java.lang.Thread.run(Thread.java:748)
</pre>
      </div>
    </div>
  </div>


              
              

              

            </div>
                      <div class="step">
              
<div class="brief skipped">
  <span class="keyword indention">Then</span>
  <span class="name">check page load "Daily Planner" "ACONTAINTEXT"</span>
  
  <span class="lead-duration duration">000 ms</span>

  </div>

              


              
              

              

            </div>
                      <div class="step">
              
<div class="brief skipped">
  <span class="keyword indention">Then</span>
  <span class="name">user should be able to view " DAILY PLANNER " viewtext element in the page</span>
  
  <span class="lead-duration duration">000 ms</span>

  </div>

              


              
              

              

            </div>
                      <div class="step">
              
<div class="brief skipped">
  <span class="keyword indention">Then</span>
  <span class="name">user should be able to view " MY PROJECTS " viewtext element in the page</span>
  
  <span class="lead-duration duration">000 ms</span>

  </div>

              


              
              

              

            </div>
                      <div class="step">
              
<div class="brief skipped">
  <span class="keyword indention">Then</span>
  <span class="name">user should be able to view " REPORTS " viewtext element in the page</span>
  
  <span class="lead-duration duration">000 ms</span>

  </div>

              


              
              

              

            </div>
                      <div class="step">
              
<div class="brief skipped">
  <span class="keyword indention">Then</span>
  <span class="name">user should be able to view " CALENDAR " viewtext element in the page</span>
  
  <span class="lead-duration duration">000 ms</span>

  </div>

              


              
              

              

            </div>
                      <div class="step">
              
<div class="brief skipped">
  <span class="keyword indention">Then</span>
  <span class="name">user should be able to view " STORE WALK " viewtext element in the page</span>
  
  <span class="lead-duration duration">000 ms</span>

  </div>

              


              
              

              

            </div>
                      <div class="step">
              
<div class="brief skipped">
  <span class="keyword indention">Then</span>
  <span class="name">user should be able to view "Print" viewtext element in the page</span>
  
  <span class="lead-duration duration">000 ms</span>

  </div>

              


              
              

              

            </div>
                      <div class="step">
              
<div class="brief skipped">
  <span class="keyword indention">Then</span>
  <span class="name">user should be able to view "Help" viewtext element in the page</span>
  
  <span class="lead-duration duration">000 ms</span>

  </div>

              


              
              

              

            </div>
                      <div class="step">
              
<div class="brief skipped">
  <span class="keyword indention">Then</span>
  <span class="name">user should be able to view "Key" viewtext element in the page</span>
  
  <span class="lead-duration duration">000 ms</span>

  </div>

              


              
              

              

            </div>
                      <div class="step">
              
<div class="brief skipped">
  <span class="keyword indention">And</span>
  <span class="name">tab more option or hamburger menu</span>
  
  <span class="lead-duration duration">000 ms</span>

  </div>

              


              
              

              

            </div>
                      <div class="step">
              
<div class="brief skipped">
  <span class="keyword indention">Then</span>
  <span class="name">user able to click home item</span>
  
  <span class="lead-duration duration">000 ms</span>

  </div>

              


              
              

              

            </div>
                  </div>
      </div>

      
  <div class="inner-level hooks-after">
    <div data-toggle="collapse" class=" collapsed  collapsable-control" data-target="#after-1206051975">
      
<div class="brief passed">
  <span class="keyword indention">Hooks</span>
  <span class="name"></span>
  

       <i class="chevron fa fa-fw"></i>
  </div>

    </div>

    <div id="after-1206051975" class="inner-level collapse collapsable-details ">
              <div class="hook">
          <div class="brief passed">
            <span class="keyword indention">After</span>
                          <span class="location name">SplashScreenStepDefinition.embedScreenshotOnFail(Scenario)</span>
                        
  <span class="lead-duration duration">042 ms</span>

          </div>

                      

                  </div>
          </div>
  </div>

    </div>
  </div>
  <div class="element">
          <div class="indention">
        <a href="cache-cache-G-feature.html">View Feature</a> <i>Smoke Suite 5 for tablet</i>
      </div>
    
    
<div class="tags indention">
       <a href="SmokeSuiteScripts.html">@SmokeSuiteScripts</a>
       <a href="CompassTabs.html">@CompassTabs</a>
       <a href="SMLogin.html">@SMLogin</a>
       <a href="DRSMLogin.html">@DRSMLogin</a>
  </div>


    <span data-toggle="collapse" class=" collapsable-control" data-target="#element-1977756218">
      
<div class="brief failed">
  <span class="keyword indention">Scenario Outline</span>
  <span class="name">Validating Home page Store operation-&gt;Compass card navigation Links for &quot;DRSM&quot; Role</span>
  

       <i class="chevron fa fa-fw"></i>
  </div>

    </span>
    <div class="description indention"></div>

    <div id="element-1977756218" class="collapse collapsable-details  in ">
      
  <div class="inner-level hooks-before">
    <div data-toggle="collapse" class=" collapsed  collapsable-control" data-target="#before-909786389">
      
<div class="brief passed">
  <span class="keyword indention">Hooks</span>
  <span class="name"></span>
  

       <i class="chevron fa fa-fw"></i>
  </div>

    </div>

    <div id="before-909786389" class="inner-level collapse collapsable-details ">
              <div class="hook">
          <div class="brief passed">
            <span class="keyword indention">Before</span>
                          <span class="location name">SplashScreenStepDefinition.Scenario_started(Scenario)</span>
                        
  <span class="lead-duration duration">11s 492 ms</span>

          </div>

                      

                  </div>
          </div>
  </div>


      <div class="steps inner-level">
        <div data-toggle="collapse" class=" collapsable-control" data-target="#steps-774095232">
          
<div class="brief failed">
  <span class="keyword indention">Steps</span>
  <span class="name"></span>
  

       <i class="chevron fa fa-fw"></i>
  </div>

        </div>

        <div id="steps-774095232" class="inner-level collapse collapsable-details  in ">
                      <div class="step">
              
<div class="brief failed">
  <span class="keyword indention">When</span>
  <span class="name">user should be able to navigate to "Store Operations->COMPASS" via card navigation</span>
  
  <span class="lead-duration duration">33s 963 ms</span>

  </div>

              
  <div class="inner-level">
    <div class="message indention">
      <div data-toggle="collapse" class="collapsable-control" data-target="#msg--1027007889">
          <a>Error message</a>
      </div>
      <div id="msg--1027007889" class="collapse collapsable-details">
        <pre>org.openqa.selenium.TimeoutException: Expected condition failed: waiting for visibility of element located by By.xpath: //android.widget.TextView[@text='Store Operations']/parent::* (tried for 30 second(s) with 500 MILLISECONDS interval)
	at org.openqa.selenium.support.ui.WebDriverWait.timeoutException(WebDriverWait.java:82)
	at org.openqa.selenium.support.ui.FluentWait.until(FluentWait.java:231)
	at com.horizon.utils.WaitUtils.visibilityOfElementLocated(WaitUtils.java:39)
	at com.horizon.base.CustomElementSelector.getElementWait(CustomElementSelector.java:77)
	at com.horizon.base.ElementIdentification.getElementByPropertyWait(ElementIdentification.java:139)
	at com.horizon.base.ElementPresent.isElementPresentVerifyWaitClick(ElementPresent.java:343)
	at com.horizon.base.ElementPresent.isElementPresentVerifyClick(ElementPresent.java:275)
	at com.horizon.base.AssertValidation.assertElementPresentVerifyClick(AssertValidation.java:158)
	at com.horizon.stepDefinition.CommonStepDefinition.user_should_be_able_to_navigate_to_via_card_navigation(CommonStepDefinition.java:1234)
	at ✽.user should be able to navigate to "Store Operations->COMPASS" via card navigation(cache/cache/G.feature:382)
Caused by: org.openqa.selenium.NoSuchElementException: Cannot locate an element using By.xpath: //android.widget.TextView[@text='Store Operations']/parent::*
For documentation on this error, please visit: http://seleniumhq.org/exceptions/no_such_element.html
Build info: version: '3.7.1', revision: '8a0099a', time: '2017-11-06T21:01:39.354Z'
System info: host: 'CHMM114178.local', ip: 'fe80:0:0:0:108c:d38a:ed1a:f214%en0', os.name: 'Mac OS X', os.arch: 'x86_64', os.version: '10.13.4', java.version: '1.8.0_171'
Driver info: driver.version: unknown
	at org.openqa.selenium.support.ui.ExpectedConditions.lambda$findElement$0(ExpectedConditions.java:882)
	at java.util.Optional.orElseThrow(Optional.java:290)
	at org.openqa.selenium.support.ui.ExpectedConditions.findElement(ExpectedConditions.java:881)
	at org.openqa.selenium.support.ui.ExpectedConditions.access$000(ExpectedConditions.java:43)
	at org.openqa.selenium.support.ui.ExpectedConditions$7.apply(ExpectedConditions.java:205)
	at org.openqa.selenium.support.ui.ExpectedConditions$7.apply(ExpectedConditions.java:201)
	at org.openqa.selenium.support.ui.FluentWait.until(FluentWait.java:208)
	at com.horizon.utils.WaitUtils.visibilityOfElementLocated(WaitUtils.java:39)
	at com.horizon.base.CustomElementSelector.getElementWait(CustomElementSelector.java:77)
	at com.horizon.base.ElementIdentification.getElementByPropertyWait(ElementIdentification.java:139)
	at com.horizon.base.ElementPresent.isElementPresentVerifyWaitClick(ElementPresent.java:343)
	at com.horizon.base.ElementPresent.isElementPresentVerifyClick(ElementPresent.java:275)
	at com.horizon.base.AssertValidation.assertElementPresentVerifyClick(AssertValidation.java:158)
	at com.horizon.stepDefinition.CommonStepDefinition.user_should_be_able_to_navigate_to_via_card_navigation(CommonStepDefinition.java:1234)
	at sun.reflect.GeneratedMethodAccessor29.invoke(Unknown Source)
	at sun.reflect.DelegatingMethodAccessorImpl.invoke(DelegatingMethodAccessorImpl.java:43)
	at java.lang.reflect.Method.invoke(Method.java:498)
	at cucumber.runtime.Utils$1.call(Utils.java:31)
	at cucumber.runtime.Timeout.timeout(Timeout.java:16)
	at cucumber.runtime.Utils.invoke(Utils.java:25)
	at cucumber.runtime.java.JavaStepDefinition.execute(JavaStepDefinition.java:37)
	at cucumber.runtime.StepDefinitionMatch.runStep(StepDefinitionMatch.java:40)
	at cucumber.api.TestStep.executeStep(TestStep.java:102)
	at cucumber.api.TestStep.run(TestStep.java:83)
	at cucumber.api.TestCase.run(TestCase.java:58)
	at cucumber.runner.Runner.runPickle(Runner.java:80)
	at cucumber.api.testng.TestNGCucumberRunner.runScenario(TestNGCucumberRunner.java:84)
	at cucumber.api.testng.AbstractTestNGCucumberTests.runScenario(AbstractTestNGCucumberTests.java:22)
	at sun.reflect.GeneratedMethodAccessor13.invoke(Unknown Source)
	at sun.reflect.DelegatingMethodAccessorImpl.invoke(DelegatingMethodAccessorImpl.java:43)
	at java.lang.reflect.Method.invoke(Method.java:498)
	at org.testng.internal.MethodInvocationHelper.invokeMethod(MethodInvocationHelper.java:108)
	at org.testng.internal.Invoker.invokeMethod(Invoker.java:661)
	at org.testng.internal.Invoker.invokeTestMethod(Invoker.java:869)
	at org.testng.internal.Invoker.invokeTestMethods(Invoker.java:1193)
	at org.testng.internal.TestMethodWorker.invokeTestMethods(TestMethodWorker.java:126)
	at org.testng.internal.TestMethodWorker.run(TestMethodWorker.java:109)
	at org.testng.TestRunner.privateRun(TestRunner.java:744)
	at org.testng.TestRunner.run(TestRunner.java:602)
	at org.testng.SuiteRunner.runTest(SuiteRunner.java:380)
	at org.testng.SuiteRunner.runSequentially(SuiteRunner.java:375)
	at org.testng.SuiteRunner.privateRun(SuiteRunner.java:340)
	at org.testng.SuiteRunner.run(SuiteRunner.java:289)
	at org.testng.SuiteRunnerWorker.runSuite(SuiteRunnerWorker.java:52)
	at org.testng.SuiteRunnerWorker.run(SuiteRunnerWorker.java:86)
	at org.testng.TestNG.runSuitesSequentially(TestNG.java:1301)
	at org.testng.TestNG.runSuitesLocally(TestNG.java:1226)
	at org.testng.TestNG.runSuites(TestNG.java:1144)
	at org.testng.TestNG.run(TestNG.java:1115)
	at org.gradle.api.internal.tasks.testing.testng.TestNGTestClassProcessor.runTests(TestNGTestClassProcessor.java:134)
	at org.gradle.api.internal.tasks.testing.testng.TestNGTestClassProcessor.stop(TestNGTestClassProcessor.java:88)
	at org.gradle.api.internal.tasks.testing.SuiteTestClassProcessor.stop(SuiteTestClassProcessor.java:61)
	at sun.reflect.NativeMethodAccessorImpl.invoke0(Native Method)
	at sun.reflect.NativeMethodAccessorImpl.invoke(NativeMethodAccessorImpl.java:62)
	at sun.reflect.DelegatingMethodAccessorImpl.invoke(DelegatingMethodAccessorImpl.java:43)
	at java.lang.reflect.Method.invoke(Method.java:498)
	at org.gradle.internal.dispatch.ReflectionDispatch.dispatch(ReflectionDispatch.java:35)
	at org.gradle.internal.dispatch.ReflectionDispatch.dispatch(ReflectionDispatch.java:24)
	at org.gradle.internal.dispatch.ContextClassLoaderDispatch.dispatch(ContextClassLoaderDispatch.java:32)
	at org.gradle.internal.dispatch.ProxyDispatchAdapter$DispatchingInvocationHandler.invoke(ProxyDispatchAdapter.java:93)
	at com.sun.proxy.$Proxy1.stop(Unknown Source)
	at org.gradle.api.internal.tasks.testing.worker.TestWorker.stop(TestWorker.java:123)
	at sun.reflect.NativeMethodAccessorImpl.invoke0(Native Method)
	at sun.reflect.NativeMethodAccessorImpl.invoke(NativeMethodAccessorImpl.java:62)
	at sun.reflect.DelegatingMethodAccessorImpl.invoke(DelegatingMethodAccessorImpl.java:43)
	at java.lang.reflect.Method.invoke(Method.java:498)
	at org.gradle.internal.dispatch.ReflectionDispatch.dispatch(ReflectionDispatch.java:35)
	at org.gradle.internal.dispatch.ReflectionDispatch.dispatch(ReflectionDispatch.java:24)
	at org.gradle.internal.remote.internal.hub.MessageHubBackedObjectConnection$DispatchWrapper.dispatch(MessageHubBackedObjectConnection.java:146)
	at org.gradle.internal.remote.internal.hub.MessageHubBackedObjectConnection$DispatchWrapper.dispatch(MessageHubBackedObjectConnection.java:128)
	at org.gradle.internal.remote.internal.hub.MessageHub$Handler.run(MessageHub.java:404)
	at org.gradle.internal.concurrent.ExecutorPolicy$CatchAndRecordFailures.onExecute(ExecutorPolicy.java:63)
	at org.gradle.internal.concurrent.ManagedExecutorImpl$1.run(ManagedExecutorImpl.java:46)
	at java.util.concurrent.ThreadPoolExecutor.runWorker(ThreadPoolExecutor.java:1149)
	at java.util.concurrent.ThreadPoolExecutor$Worker.run(ThreadPoolExecutor.java:624)
	at org.gradle.internal.concurrent.ThreadFactoryImpl$ManagedThreadRunnable.run(ThreadFactoryImpl.java:55)
	at java.lang.Thread.run(Thread.java:748)
</pre>
      </div>
    </div>
  </div>


              
              

              

            </div>
                      <div class="step">
              
<div class="brief skipped">
  <span class="keyword indention">Then</span>
  <span class="name">check page load "Daily Planner" "ACONTAINTEXT"</span>
  
  <span class="lead-duration duration">000 ms</span>

  </div>

              


              
              

              

            </div>
                      <div class="step">
              
<div class="brief skipped">
  <span class="keyword indention">Then</span>
  <span class="name">user should be able to view " DAILY PLANNER " viewtext element in the page</span>
  
  <span class="lead-duration duration">000 ms</span>

  </div>

              


              
              

              

            </div>
                      <div class="step">
              
<div class="brief skipped">
  <span class="keyword indention">Then</span>
  <span class="name">user should be able to view " MY PROJECTS " viewtext element in the page</span>
  
  <span class="lead-duration duration">000 ms</span>

  </div>

              


              
              

              

            </div>
                      <div class="step">
              
<div class="brief skipped">
  <span class="keyword indention">Then</span>
  <span class="name">user should be able to view " REPORTS " viewtext element in the page</span>
  
  <span class="lead-duration duration">000 ms</span>

  </div>

              


              
              

              

            </div>
                      <div class="step">
              
<div class="brief skipped">
  <span class="keyword indention">Then</span>
  <span class="name">user should be able to view " CALENDAR " viewtext element in the page</span>
  
  <span class="lead-duration duration">000 ms</span>

  </div>

              


              
              

              

            </div>
                      <div class="step">
              
<div class="brief skipped">
  <span class="keyword indention">Then</span>
  <span class="name">user should be able to view " STORE WALK " viewtext element in the page</span>
  
  <span class="lead-duration duration">000 ms</span>

  </div>

              


              
              

              

            </div>
                      <div class="step">
              
<div class="brief skipped">
  <span class="keyword indention">Then</span>
  <span class="name">user should be able to view "Print" viewtext element in the page</span>
  
  <span class="lead-duration duration">000 ms</span>

  </div>

              


              
              

              

            </div>
                      <div class="step">
              
<div class="brief skipped">
  <span class="keyword indention">Then</span>
  <span class="name">user should be able to view "Help" viewtext element in the page</span>
  
  <span class="lead-duration duration">000 ms</span>

  </div>

              


              
              

              

            </div>
                      <div class="step">
              
<div class="brief skipped">
  <span class="keyword indention">Then</span>
  <span class="name">user should be able to view "Key" viewtext element in the page</span>
  
  <span class="lead-duration duration">000 ms</span>

  </div>

              


              
              

              

            </div>
                      <div class="step">
              
<div class="brief skipped">
  <span class="keyword indention">And</span>
  <span class="name">tab more option or hamburger menu</span>
  
  <span class="lead-duration duration">000 ms</span>

  </div>

              


              
              

              

            </div>
                      <div class="step">
              
<div class="brief skipped">
  <span class="keyword indention">Then</span>
  <span class="name">user able to click home item</span>
  
  <span class="lead-duration duration">000 ms</span>

  </div>

              


              
              

              

            </div>
                  </div>
      </div>

      
  <div class="inner-level hooks-after">
    <div data-toggle="collapse" class=" collapsed  collapsable-control" data-target="#after-1366741625">
      
<div class="brief passed">
  <span class="keyword indention">Hooks</span>
  <span class="name"></span>
  

       <i class="chevron fa fa-fw"></i>
  </div>

    </div>

    <div id="after-1366741625" class="inner-level collapse collapsable-details ">
              <div class="hook">
          <div class="brief passed">
            <span class="keyword indention">After</span>
                          <span class="location name">SplashScreenStepDefinition.embedScreenshotOnFail(Scenario)</span>
                        
  <span class="lead-duration duration">045 ms</span>

          </div>

                      

                  </div>
          </div>
  </div>

    </div>
  </div>
  <div class="element">
          <div class="indention">
        <a href="cache-cache-H-feature.html">View Feature</a> <i>Smoke Suite 6 for tablet</i>
      </div>
    
    
<div class="tags indention">
       <a href="SmokeSuiteScripts.html">@SmokeSuiteScripts</a>
       <a href="CompassTabs.html">@CompassTabs</a>
       <a href="SMLogin.html">@SMLogin</a>
       <a href="DRSMLogin.html">@DRSMLogin</a>
  </div>


    <span data-toggle="collapse" class=" collapsable-control" data-target="#element--823298629">
      
<div class="brief failed">
  <span class="keyword indention">Scenario Outline</span>
  <span class="name">Validating Home page Store operation-&gt;Compass card navigation Links for &quot;DRSM&quot; Role</span>
  

       <i class="chevron fa fa-fw"></i>
  </div>

    </span>
    <div class="description indention"></div>

    <div id="element--823298629" class="collapse collapsable-details  in ">
      
  <div class="inner-level hooks-before">
    <div data-toggle="collapse" class=" collapsed  collapsable-control" data-target="#before-1071245351">
      
<div class="brief passed">
  <span class="keyword indention">Hooks</span>
  <span class="name"></span>
  

       <i class="chevron fa fa-fw"></i>
  </div>

    </div>

    <div id="before-1071245351" class="inner-level collapse collapsable-details ">
              <div class="hook">
          <div class="brief passed">
            <span class="keyword indention">Before</span>
                          <span class="location name">SplashScreenStepDefinition.Scenario_started(Scenario)</span>
                        
  <span class="lead-duration duration">11s 516 ms</span>

          </div>

                      

                  </div>
          </div>
  </div>


      <div class="steps inner-level">
        <div data-toggle="collapse" class=" collapsable-control" data-target="#steps-615014502">
          
<div class="brief failed">
  <span class="keyword indention">Steps</span>
  <span class="name"></span>
  

       <i class="chevron fa fa-fw"></i>
  </div>

        </div>

        <div id="steps-615014502" class="inner-level collapse collapsable-details  in ">
                      <div class="step">
              
<div class="brief failed">
  <span class="keyword indention">When</span>
  <span class="name">user should be able to navigate to "Store Operations->COMPASS" via card navigation</span>
  
  <span class="lead-duration duration">33s 688 ms</span>

  </div>

              
  <div class="inner-level">
    <div class="message indention">
      <div data-toggle="collapse" class="collapsable-control" data-target="#msg--662737138">
          <a>Error message</a>
      </div>
      <div id="msg--662737138" class="collapse collapsable-details">
        <pre>org.openqa.selenium.TimeoutException: Expected condition failed: waiting for visibility of element located by By.xpath: //android.widget.TextView[@text='Store Operations']/parent::* (tried for 30 second(s) with 500 MILLISECONDS interval)
	at org.openqa.selenium.support.ui.WebDriverWait.timeoutException(WebDriverWait.java:82)
	at org.openqa.selenium.support.ui.FluentWait.until(FluentWait.java:231)
	at com.horizon.utils.WaitUtils.visibilityOfElementLocated(WaitUtils.java:39)
	at com.horizon.base.CustomElementSelector.getElementWait(CustomElementSelector.java:77)
	at com.horizon.base.ElementIdentification.getElementByPropertyWait(ElementIdentification.java:139)
	at com.horizon.base.ElementPresent.isElementPresentVerifyWaitClick(ElementPresent.java:343)
	at com.horizon.base.ElementPresent.isElementPresentVerifyClick(ElementPresent.java:275)
	at com.horizon.base.AssertValidation.assertElementPresentVerifyClick(AssertValidation.java:158)
	at com.horizon.stepDefinition.CommonStepDefinition.user_should_be_able_to_navigate_to_via_card_navigation(CommonStepDefinition.java:1234)
	at ✽.user should be able to navigate to "Store Operations->COMPASS" via card navigation(cache/cache/H.feature:382)
Caused by: org.openqa.selenium.NoSuchElementException: Cannot locate an element using By.xpath: //android.widget.TextView[@text='Store Operations']/parent::*
For documentation on this error, please visit: http://seleniumhq.org/exceptions/no_such_element.html
Build info: version: '3.7.1', revision: '8a0099a', time: '2017-11-06T21:01:39.354Z'
System info: host: 'CHMM114178.local', ip: 'fe80:0:0:0:108c:d38a:ed1a:f214%en0', os.name: 'Mac OS X', os.arch: 'x86_64', os.version: '10.13.4', java.version: '1.8.0_171'
Driver info: driver.version: unknown
	at org.openqa.selenium.support.ui.ExpectedConditions.lambda$findElement$0(ExpectedConditions.java:882)
	at java.util.Optional.orElseThrow(Optional.java:290)
	at org.openqa.selenium.support.ui.ExpectedConditions.findElement(ExpectedConditions.java:881)
	at org.openqa.selenium.support.ui.ExpectedConditions.access$000(ExpectedConditions.java:43)
	at org.openqa.selenium.support.ui.ExpectedConditions$7.apply(ExpectedConditions.java:205)
	at org.openqa.selenium.support.ui.ExpectedConditions$7.apply(ExpectedConditions.java:201)
	at org.openqa.selenium.support.ui.FluentWait.until(FluentWait.java:208)
	at com.horizon.utils.WaitUtils.visibilityOfElementLocated(WaitUtils.java:39)
	at com.horizon.base.CustomElementSelector.getElementWait(CustomElementSelector.java:77)
	at com.horizon.base.ElementIdentification.getElementByPropertyWait(ElementIdentification.java:139)
	at com.horizon.base.ElementPresent.isElementPresentVerifyWaitClick(ElementPresent.java:343)
	at com.horizon.base.ElementPresent.isElementPresentVerifyClick(ElementPresent.java:275)
	at com.horizon.base.AssertValidation.assertElementPresentVerifyClick(AssertValidation.java:158)
	at com.horizon.stepDefinition.CommonStepDefinition.user_should_be_able_to_navigate_to_via_card_navigation(CommonStepDefinition.java:1234)
	at sun.reflect.GeneratedMethodAccessor29.invoke(Unknown Source)
	at sun.reflect.DelegatingMethodAccessorImpl.invoke(DelegatingMethodAccessorImpl.java:43)
	at java.lang.reflect.Method.invoke(Method.java:498)
	at cucumber.runtime.Utils$1.call(Utils.java:31)
	at cucumber.runtime.Timeout.timeout(Timeout.java:16)
	at cucumber.runtime.Utils.invoke(Utils.java:25)
	at cucumber.runtime.java.JavaStepDefinition.execute(JavaStepDefinition.java:37)
	at cucumber.runtime.StepDefinitionMatch.runStep(StepDefinitionMatch.java:40)
	at cucumber.api.TestStep.executeStep(TestStep.java:102)
	at cucumber.api.TestStep.run(TestStep.java:83)
	at cucumber.api.TestCase.run(TestCase.java:58)
	at cucumber.runner.Runner.runPickle(Runner.java:80)
	at cucumber.api.testng.TestNGCucumberRunner.runScenario(TestNGCucumberRunner.java:84)
	at cucumber.api.testng.AbstractTestNGCucumberTests.runScenario(AbstractTestNGCucumberTests.java:22)
	at sun.reflect.GeneratedMethodAccessor13.invoke(Unknown Source)
	at sun.reflect.DelegatingMethodAccessorImpl.invoke(DelegatingMethodAccessorImpl.java:43)
	at java.lang.reflect.Method.invoke(Method.java:498)
	at org.testng.internal.MethodInvocationHelper.invokeMethod(MethodInvocationHelper.java:108)
	at org.testng.internal.Invoker.invokeMethod(Invoker.java:661)
	at org.testng.internal.Invoker.invokeTestMethod(Invoker.java:869)
	at org.testng.internal.Invoker.invokeTestMethods(Invoker.java:1193)
	at org.testng.internal.TestMethodWorker.invokeTestMethods(TestMethodWorker.java:126)
	at org.testng.internal.TestMethodWorker.run(TestMethodWorker.java:109)
	at org.testng.TestRunner.privateRun(TestRunner.java:744)
	at org.testng.TestRunner.run(TestRunner.java:602)
	at org.testng.SuiteRunner.runTest(SuiteRunner.java:380)
	at org.testng.SuiteRunner.runSequentially(SuiteRunner.java:375)
	at org.testng.SuiteRunner.privateRun(SuiteRunner.java:340)
	at org.testng.SuiteRunner.run(SuiteRunner.java:289)
	at org.testng.SuiteRunnerWorker.runSuite(SuiteRunnerWorker.java:52)
	at org.testng.SuiteRunnerWorker.run(SuiteRunnerWorker.java:86)
	at org.testng.TestNG.runSuitesSequentially(TestNG.java:1301)
	at org.testng.TestNG.runSuitesLocally(TestNG.java:1226)
	at org.testng.TestNG.runSuites(TestNG.java:1144)
	at org.testng.TestNG.run(TestNG.java:1115)
	at org.gradle.api.internal.tasks.testing.testng.TestNGTestClassProcessor.runTests(TestNGTestClassProcessor.java:134)
	at org.gradle.api.internal.tasks.testing.testng.TestNGTestClassProcessor.stop(TestNGTestClassProcessor.java:88)
	at org.gradle.api.internal.tasks.testing.SuiteTestClassProcessor.stop(SuiteTestClassProcessor.java:61)
	at sun.reflect.NativeMethodAccessorImpl.invoke0(Native Method)
	at sun.reflect.NativeMethodAccessorImpl.invoke(NativeMethodAccessorImpl.java:62)
	at sun.reflect.DelegatingMethodAccessorImpl.invoke(DelegatingMethodAccessorImpl.java:43)
	at java.lang.reflect.Method.invoke(Method.java:498)
	at org.gradle.internal.dispatch.ReflectionDispatch.dispatch(ReflectionDispatch.java:35)
	at org.gradle.internal.dispatch.ReflectionDispatch.dispatch(ReflectionDispatch.java:24)
	at org.gradle.internal.dispatch.ContextClassLoaderDispatch.dispatch(ContextClassLoaderDispatch.java:32)
	at org.gradle.internal.dispatch.ProxyDispatchAdapter$DispatchingInvocationHandler.invoke(ProxyDispatchAdapter.java:93)
	at com.sun.proxy.$Proxy1.stop(Unknown Source)
	at org.gradle.api.internal.tasks.testing.worker.TestWorker.stop(TestWorker.java:123)
	at sun.reflect.NativeMethodAccessorImpl.invoke0(Native Method)
	at sun.reflect.NativeMethodAccessorImpl.invoke(NativeMethodAccessorImpl.java:62)
	at sun.reflect.DelegatingMethodAccessorImpl.invoke(DelegatingMethodAccessorImpl.java:43)
	at java.lang.reflect.Method.invoke(Method.java:498)
	at org.gradle.internal.dispatch.ReflectionDispatch.dispatch(ReflectionDispatch.java:35)
	at org.gradle.internal.dispatch.ReflectionDispatch.dispatch(ReflectionDispatch.java:24)
	at org.gradle.internal.remote.internal.hub.MessageHubBackedObjectConnection$DispatchWrapper.dispatch(MessageHubBackedObjectConnection.java:146)
	at org.gradle.internal.remote.internal.hub.MessageHubBackedObjectConnection$DispatchWrapper.dispatch(MessageHubBackedObjectConnection.java:128)
	at org.gradle.internal.remote.internal.hub.MessageHub$Handler.run(MessageHub.java:404)
	at org.gradle.internal.concurrent.ExecutorPolicy$CatchAndRecordFailures.onExecute(ExecutorPolicy.java:63)
	at org.gradle.internal.concurrent.ManagedExecutorImpl$1.run(ManagedExecutorImpl.java:46)
	at java.util.concurrent.ThreadPoolExecutor.runWorker(ThreadPoolExecutor.java:1149)
	at java.util.concurrent.ThreadPoolExecutor$Worker.run(ThreadPoolExecutor.java:624)
	at org.gradle.internal.concurrent.ThreadFactoryImpl$ManagedThreadRunnable.run(ThreadFactoryImpl.java:55)
	at java.lang.Thread.run(Thread.java:748)
</pre>
      </div>
    </div>
  </div>


              
              

              

            </div>
                      <div class="step">
              
<div class="brief skipped">
  <span class="keyword indention">Then</span>
  <span class="name">check page load "Daily Planner" "ACONTAINTEXT"</span>
  
  <span class="lead-duration duration">000 ms</span>

  </div>

              


              
              

              

            </div>
                      <div class="step">
              
<div class="brief skipped">
  <span class="keyword indention">Then</span>
  <span class="name">user should be able to view " DAILY PLANNER " viewtext element in the page</span>
  
  <span class="lead-duration duration">000 ms</span>

  </div>

              


              
              

              

            </div>
                      <div class="step">
              
<div class="brief skipped">
  <span class="keyword indention">Then</span>
  <span class="name">user should be able to view " MY PROJECTS " viewtext element in the page</span>
  
  <span class="lead-duration duration">000 ms</span>

  </div>

              


              
              

              

            </div>
                      <div class="step">
              
<div class="brief skipped">
  <span class="keyword indention">Then</span>
  <span class="name">user should be able to view " REPORTS " viewtext element in the page</span>
  
  <span class="lead-duration duration">000 ms</span>

  </div>

              


              
              

              

            </div>
                      <div class="step">
              
<div class="brief skipped">
  <span class="keyword indention">Then</span>
  <span class="name">user should be able to view " CALENDAR " viewtext element in the page</span>
  
  <span class="lead-duration duration">000 ms</span>

  </div>

              


              
              

              

            </div>
                      <div class="step">
              
<div class="brief skipped">
  <span class="keyword indention">Then</span>
  <span class="name">user should be able to view " STORE WALK " viewtext element in the page</span>
  
  <span class="lead-duration duration">000 ms</span>

  </div>

              


              
              

              

            </div>
                      <div class="step">
              
<div class="brief skipped">
  <span class="keyword indention">Then</span>
  <span class="name">user should be able to view "Print" viewtext element in the page</span>
  
  <span class="lead-duration duration">000 ms</span>

  </div>

              


              
              

              

            </div>
                      <div class="step">
              
<div class="brief skipped">
  <span class="keyword indention">Then</span>
  <span class="name">user should be able to view "Help" viewtext element in the page</span>
  
  <span class="lead-duration duration">000 ms</span>

  </div>

              


              
              

              

            </div>
                      <div class="step">
              
<div class="brief skipped">
  <span class="keyword indention">Then</span>
  <span class="name">user should be able to view "Key" viewtext element in the page</span>
  
  <span class="lead-duration duration">000 ms</span>

  </div>

              


              
              

              

            </div>
                      <div class="step">
              
<div class="brief skipped">
  <span class="keyword indention">And</span>
  <span class="name">tab more option or hamburger menu</span>
  
  <span class="lead-duration duration">000 ms</span>

  </div>

              


              
              

              

            </div>
                      <div class="step">
              
<div class="brief skipped">
  <span class="keyword indention">Then</span>
  <span class="name">user able to click home item</span>
  
  <span class="lead-duration duration">000 ms</span>

  </div>

              


              
              

              

            </div>
                  </div>
      </div>

      
  <div class="inner-level hooks-after">
    <div data-toggle="collapse" class=" collapsed  collapsable-control" data-target="#after-1570228900">
      
<div class="brief passed">
  <span class="keyword indention">Hooks</span>
  <span class="name"></span>
  

       <i class="chevron fa fa-fw"></i>
  </div>

    </div>

    <div id="after-1570228900" class="inner-level collapse collapsable-details ">
              <div class="hook">
          <div class="brief passed">
            <span class="keyword indention">After</span>
                          <span class="location name">SplashScreenStepDefinition.embedScreenshotOnFail(Scenario)</span>
                        
  <span class="lead-duration duration">045 ms</span>

          </div>

                      

                  </div>
          </div>
  </div>

    </div>
  </div>

      </div>
    </div>
  </div>
</div>
<br>

<nav class="navbar navbar-default" id="footer">
  <div class="container-fluid">
    <p class="navbar-text navbar-right">
      <a class="navbar-link" href="https://github.com/jenkinsci/cucumber-reports-plugin">Jenkins Plugin</a> |
      <a class="navbar-link" href="https://github.com/damianszczepanik/cucumber-reporting">Cucumber-JVM Reports</a>
    </p>
  </div>
</nav>

</body>
</html>
